2023-08-17 13:08:37 error: Cannot read properties of undefined (reading '_id')
2023-08-17 13:08:37 info: POST /reviews/register 400 5.427 ms - 51 {"title":"typescriptfunction","content":"Review Content"}

2023-08-17 13:09:48 error: Cannot read properties of undefined (reading '_id')
2023-08-17 13:09:48 info: POST /reviews/register 400 7.630 ms - 51 {"title":"typescriptfunction","content":"Review Content"}

2023-08-17 13:11:41 info: POST /users/register 200 125.721 ms - 230 {"name":"test","email":"email@a.com","password":"2111"}

2023-08-17 13:11:58 info: POST /users/login 200 14.597 ms - 427 {"name":"test","email":"email@a.com","password":"2111"}

2023-08-17 13:12:30 error: Cannot read properties of undefined (reading '_id')
2023-08-17 13:12:30 info: POST /reviews/register 400 2.636 ms - 51 {"title":"typescriptfunction","content":"Review Content"}

2023-08-17 13:16:40 info: POST /reviews/register 400 2.470 ms - 33 {"title":"typescriptfunction","content":"Review Content"}

2023-08-17 14:09:52 info: POST /reviews/register 400 2.619 ms - 33 {"title":"typescriptfunction","content":"Review Content"}

2023-08-17 14:11:43 info: POST /reviews/register 201 55.582 ms - 176 {"title":"typescriptfunction","content":"Review Content"}

2023-08-17 14:12:20 error: Cannot read properties of undefined (reading '_id')
2023-08-17 14:12:20 info: POST /reviews/register 400 8.920 ms - 51 {"title":"typescriptfunction","content":"Review Content"}

2023-08-17 14:12:44 info: POST /reviews/register 201 87.608 ms - 176 {"title":"typescriptfunction","content":"Review Content"}

2023-08-17 16:03:31 info: GET /reviews/reviewList 400 3.605 ms - 33 {}

2023-08-17 16:04:06 info: GET /reviews/reviewList 400 0.734 ms - 33 {}

2023-08-17 16:12:35 info: PUT /review/64ddac4c8eff2ebf709997bd 404 2.390 ms - 170 {}

2023-08-17 16:13:34 info: PUT /reviews/64ddac4c8eff2ebf709997bd 400 2.613 ms - 33 {}

2023-08-17 16:14:14 info: POST /reviews/64ddac4c8eff2ebf709997bd 404 1.105 ms - 172 {"title":"typescriptfunction11","content":"Review Content"}

2023-08-17 16:14:21 info: PUT /reviews/64ddac4c8eff2ebf709997bd 400 0.935 ms - 33 {"title":"typescriptfunction11","content":"Review Content"}

2023-08-17 16:15:08 info: PUT /reviews/64ddac4c8eff2ebf709997bd 200 77.106 ms - 176 {}

2023-08-17 16:18:59 info: PUT /reviews/64ddac4c8eff2ebf709997bd 200 50.972 ms - 176 {}

2023-08-17 17:41:18 info: PUT /reviews/64ddac4c8eff2ebf709997bd?title=1111&content=change 200 53.298 ms - 176 {}

2023-08-17 17:42:12 info: PUT /reviews/64ddac4c8eff2ebf709997bd 200 55.462 ms - 178 {"title":"typescriptfunction22","content":"Review Content"}

2023-08-17 17:45:11 info: DELETE /reviews/64ddac4c8eff2ebf709997bd 200 16.496 ms - 178 {}

2023-08-17 17:47:21 info: PUT /reviews/64ddac4c8eff2ebf709997bd 200 44.011 ms - 4 {}

2023-08-17 17:48:36 info: PUT /reviews/64ddac0f36251e95d521f71b 200 63.550 ms - 176 {}

2023-08-17 17:49:33 info: PUT /reviews/64ddac0f36251e95d521f71b?title=dasf&content=adsf 200 50.200 ms - 176 {}

2023-08-17 18:36:56 info: PUT /reviews/64ddac0f36251e95d521f71b?title=adsf&content=adsf 200 58.791 ms - 176 {}

2023-08-17 18:38:08 info: PUT /reviews/64ddac4c8eff2ebf709997bd 200 38.240 ms - 4 {"title":"typescriptfunction22","content":"Review Content"}

2023-08-17 18:42:06 info: PUT /reviews/64ddac0f36251e95d521f71b?title=1111&content=%E3%85%81%E3%85%87%E3%84%B4%E3%84%B9 200 54.434 ms - 176 {}

2023-08-17 18:51:35 info: PUT /reviews/64ddac0f36251e95d521f71b 200 53.820 ms - 176 {}

2023-08-17 19:09:53 info: ::1 - - [17/Aug/2023:10:09:53 +0000] "PUT /reviews/64ddac0f36251e95d521f71b HTTP/1.1" 200 176 "http://localhost:5001/api-docs/" "Mozilla/5.0 (Windows NT 10.0; Win64; x64) AppleWebKit/537.36 (KHTML, like Gecko) Chrome/115.0.0.0 Safari/537.36"

2023-08-17 19:12:49 info: ::1 - - [17/Aug/2023:10:12:49 +0000] "PUT /reviews/64ddac0f36251e95d521f71b HTTP/1.1" 200 176 "http://localhost:5001/api-docs/" "Mozilla/5.0 (Windows NT 10.0; Win64; x64) AppleWebKit/537.36 (KHTML, like Gecko) Chrome/115.0.0.0 Safari/537.36"

2023-08-17 19:14:12 info: ::1 - - [17/Aug/2023:10:14:12 +0000] "POST /auth/login HTTP/1.1" 400 50 "http://localhost:5001/api-docs/" "Mozilla/5.0 (Windows NT 10.0; Win64; x64) AppleWebKit/537.36 (KHTML, like Gecko) Chrome/115.0.0.0 Safari/537.36"

2023-08-17 19:14:31 info: ::1 - - [17/Aug/2023:10:14:31 +0000] "POST /auth/login HTTP/1.1" 200 173 "http://localhost:5001/api-docs/" "Mozilla/5.0 (Windows NT 10.0; Win64; x64) AppleWebKit/537.36 (KHTML, like Gecko) Chrome/115.0.0.0 Safari/537.36"

2023-08-17 19:20:14 info: ::1 - - [17/Aug/2023:10:20:14 +0000] "PUT /reviews/64ddac0f36251e95d521f71b HTTP/1.1" 200 176 "http://localhost:5001/api-docs/" "Mozilla/5.0 (Windows NT 10.0; Win64; x64) AppleWebKit/537.36 (KHTML, like Gecko) Chrome/115.0.0.0 Safari/537.36"

2023-08-17 19:20:26 info: ::1 - - [17/Aug/2023:10:20:26 +0000] "POST /auth/login HTTP/1.1" 200 173 "http://localhost:5001/api-docs/" "Mozilla/5.0 (Windows NT 10.0; Win64; x64) AppleWebKit/537.36 (KHTML, like Gecko) Chrome/115.0.0.0 Safari/537.36"

2023-08-17 19:22:35 info: ::1 - - [17/Aug/2023:10:22:35 +0000] "PUT /reviews/64ddac4c8eff2ebf709997bd HTTP/1.1" 200 4 "-" "PostmanRuntime/7.32.3"

2023-08-17 19:22:45 info: ::1 - - [17/Aug/2023:10:22:45 +0000] "PUT /reviews/64ddac4c8eff2ebf709997bd HTTP/1.1" 200 4 "-" "PostmanRuntime/7.32.3"

2023-08-17 19:23:47 info: PUT /reviews/64ddac4c8eff2ebf709997bd 200 54.434 ms - 4 {"title":"typescriptfunctioen22","content":"Review Content"}

2023-08-17 19:24:15 info: PUT /reviews/64ddac0f36251e95d521f71b 200 35.442 ms - 179 {"title":"typescriptfunctioen22","content":"Review Content"}

2023-08-17 19:24:35 info: PUT /reviews/64ddac0f36251e95d521f71b 200 33.715 ms - 179 {}

2023-08-17 19:24:59 info: POST /auth/login 200 21.637 ms - 173 {"email":"email@a.com","password":"2111"}

2023-08-17 19:39:43 info: PUT /reviews/64ddac0f36251e95d521f71b 200 62.381 ms - 168 {"title":"ㅇㅁㄴㄹ","content":"ㅇㅁㄴㄹ"}

2023-08-17 21:45:03 info: POST /reviews 404 1.914 ms - 147 {"title":"typescriptfunctioen22","content":"Review Content"}

2023-08-17 21:46:48 info: POST /reviews 404 2.846 ms - 147 {"title":"typescriptfunctioen22","content":"Review Content"}

2023-08-17 21:47:09 info: POST /reviews/register 201 101.506 ms - 179 {"title":"typescriptfunctioen22","content":"Review Content"}

2023-08-17 21:50:02 error: Cannot read properties of undefined (reading '_id')
2023-08-17 21:50:02 info: POST /reviews/register 400 5.729 ms - 51 {"title":"typescriptfunctioen22","content":"Review Content"}

2023-08-17 21:50:24 info: POST /reviews/register 200 30.463 ms - 264 {"title":"typescriptfunctioen22","content":"Review Content"}

2023-08-17 21:54:02 info: POST /reviews/register - - ms - - {"title":"typescriptfunctioen22","content":"Review Content"}

2023-08-17 21:54:33 info: POST /reviews/register 201 88.496 ms - 179 {"title":"typescriptfunctioen22","content":"Review Content"}

2023-08-17 21:55:37 info: POST /reviews/register 201 83.067 ms - 215 {"title":"typescriptfunctioen22","content":"Review Content"}

2023-08-17 21:56:24 error: Cannot read properties of undefined (reading '_id')
2023-08-17 21:56:24 info: GET /reviews/reviewList 400 2.386 ms - 51 {"title":"typescriptfunctioen22","content":"Review Content"}

2023-08-17 21:57:44 info: GET /reviews/reviewList 200 43.471 ms - 4 {"title":"typescriptfunctioen22","content":"Review Content"}

2023-08-17 21:58:43 error: Cast to ObjectId failed for value "register" (type string) at path "_id" for model "review"
2023-08-17 21:58:43 info: GET /reviews/register 400 34.053 ms - 91 {"title":"new","content":"Review Content"}

2023-08-17 21:58:59 info: POST /reviews/register - - ms - - {"title":"new","content":"Review Content"}

2023-08-17 21:59:02 info: POST /reviews/register 201 51.973 ms - 201 {"title":"nedasfw","content":"Review Content"}

2023-08-17 21:59:33 info: POST /reviews/register 201 76.325 ms - 201 {"title":"nedasfw","content":"Review Content"}

2023-08-17 22:01:41 info: POST /reviews/register 201 79.441 ms - 201 {"title":"nedasfw","content":"Review Content"}

2023-08-17 22:01:56 info: GET /reviews/reviewList 200 20.876 ms - 4 {"title":"nedasfw","content":"Review Content"}

2023-08-17 22:02:34 info: GET /reviews/reviewList 200 41.320 ms - 4 {"title":"nedasfw","content":"Review Content"}

2023-08-17 22:03:12 info: GET /reviews/reviewList 200 71.361 ms - 4 {"title":"nedasfw","content":"Review Content"}

2023-08-17 22:04:50 info: GET /reviews/reviewList 200 89.809 ms - 823 {"title":"nedasfw","content":"Review Content"}

2023-08-17 22:05:21 info: GET /reviews/64dd9dfd67f4c72a7af6407a 200 22.114 ms - 823 {"title":"nedasfw","content":"Review Content"}

2023-08-17 22:05:50 info: PUT /reviews/64de1a35b6d4bb9235e87eeb 200 94.353 ms - 201 {"title":"nedasfw","content":"Review Content"}

2023-08-17 22:05:54 info: PUT /reviews/64de1a35b6d4bb9235e87eeb 200 40.985 ms - 205 {"title":"nedasfsadfw","content":"Review Content"}

2023-08-17 22:06:47 info: DELETE /reviews/64de1a35b6d4bb9235e87eeb 200 26.346 ms - 205 {"title":"nedasfsadfw","content":"Review Content"}

2023-08-17 22:30:38 info: POST /reviews/register 201 150.345 ms - 205 {"title":"nedasfsadfw","content":"Review Content"}

2023-08-17 22:32:54 info: POST /reviews/register 200 45.876 ms - 264 {"title":"test","content":"Review Content"}

2023-08-17 19:23:49 info: ::1 - - [17/Aug/2023:10:23:49 +0000] "GET /users/%7B%60id%60%7D/ HTTP/1.1" 404 160 "http://localhost:3000/" "Mozilla/5.0 (Windows NT 10.0; Win64; x64) AppleWebKit/537.36 (KHTML, like Gecko) Chrome/115.0.0.0 Safari/537.36"

2023-08-17 20:20:43 info: ::1 - - [17/Aug/2023:11:20:43 +0000] "GET /users/tokentest HTTP/1.1" 200 240 "-" "PostmanRuntime/7.32.3"

2023-08-17 19:24:00 info: ::1 - - [17/Aug/2023:10:24:00 +0000] "POST /auth/login HTTP/1.1" 200 173 "http://localhost:3000/" "Mozilla/5.0 (Windows NT 10.0; Win64; x64) AppleWebKit/537.36 (KHTML, like Gecko) Chrome/115.0.0.0 Safari/537.36"

2023-08-17 23:42:23 info: GET /users/current/ - - ms - - {}

2023-08-17 23:43:01 info: GET /users/current/ - - ms - - {}

2023-08-17 23:43:07 info: POST /users/register 200 152.335 ms - 290 {"name":"dd","email":"echk11@naver.com","password":"1111"}

2023-08-17 23:43:22 info: GET /users/current/ - - ms - - {}

2023-08-17 23:43:22 info: GET /users/current/ - - ms - - {}

2023-08-17 23:43:29 info: GET /users/current/ - - ms - - {}

2023-08-17 23:43:41 info: GET /users/current/ - - ms - - {}

2023-08-17 23:44:38 info: GET /users/current/ - - ms - - {}

2023-08-17 23:44:38 info: GET /users/current/ - - ms - - {}

2023-08-17 23:44:59 info: GET /users/current/ - - ms - - {}

2023-08-17 23:44:59 info: GET /users/current/ - - ms - - {}

2023-08-17 23:47:36 info: POST /users/register 200 111.918 ms - 289 {"name":"dfsa","email":"dsfa@fdsa.com","password":"1111"}

2023-08-17 23:48:57 info: POST /auth/login 200 23.988 ms - 173 {"email":"dsfa@fdsa.com","password":"1111"}

