2023-08-15 16:19:16 info: ::1 - - [15/Aug/2023:07:19:16 +0000] "POST /reviews/register HTTP/1.1" 201 153 "-" "PostmanRuntime/7.32.3"

2023-08-15 16:25:15 info: POST /reviews/register 201 51.394 ms - 153 - ::1 "PostmanRuntime/7.32.3" - -

2023-08-15 16:30:06 info: ::1 - - [15/Aug/2023:07:30:06 +0000] "POST /reviews/register HTTP/1.1" 201 153 "-" "PostmanRuntime/7.32.3"

2023-08-15 16:30:53 error: Cannot read properties of undefined (reading '0')
2023-08-15 16:30:53 info: ::1 - - [15/Aug/2023:07:30:53 +0000] "POST /reviews/register HTTP/1.1" 400 49 "-" "PostmanRuntime/7.32.3"

2023-08-15 16:35:00 error: Cannot read properties of undefined (reading '0')
2023-08-15 16:35:00 info: ::1 - - [15/Aug/2023:07:35:00 +0000] "POST /reviews/register HTTP/1.1" 400 49 "-" "PostmanRuntime/7.32.3"

2023-08-15 16:36:29 error: Cannot read properties of undefined (reading '0')
2023-08-15 16:36:29 info: ::1 - - [15/Aug/2023:07:36:29 +0000] "POST /reviews/register HTTP/1.1" 400 49 "-" "PostmanRuntime/7.32.3"

2023-08-15 16:39:37 info: ::1 - - [15/Aug/2023:07:39:37 +0000] "POST /reviews/register HTTP/1.1" 201 170 "-" "PostmanRuntime/7.32.3"

2023-08-15 16:44:43 error: Cannot read properties of undefined (reading 'details')
2023-08-15 16:44:43 info: ::1 - - [15/Aug/2023:07:44:43 +0000] "PUT /reviews/64db2bb9769d162bce628c81 HTTP/1.1" 400 55 "-" "PostmanRuntime/7.32.3"

2023-08-15 16:46:13 info: ::1 - - [15/Aug/2023:07:46:13 +0000] "DELETE /reviews/64db2bb9769d162bce628c81 HTTP/1.1" 200 170 "-" "PostmanRuntime/7.32.3"

2023-08-15 16:46:37 info: ::1 - - [15/Aug/2023:07:46:37 +0000] "POST /reviews HTTP/1.1" 404 147 "-" "PostmanRuntime/7.32.3"

2023-08-15 16:46:43 info: ::1 - - [15/Aug/2023:07:46:43 +0000] "POST /reviews HTTP/1.1" 404 147 "-" "PostmanRuntime/7.32.3"

2023-08-15 16:47:06 info: ::1 - - [15/Aug/2023:07:47:06 +0000] "POST /reviews HTTP/1.1" 404 147 "-" "PostmanRuntime/7.32.3"

2023-08-15 16:47:51 info: ::1 - - [15/Aug/2023:07:47:51 +0000] "POST /reviews HTTP/1.1" 404 147 "-" "PostmanRuntime/7.32.3"

2023-08-15 16:48:27 info: ::1 - - [15/Aug/2023:07:48:27 +0000] "POST /reviews/register HTTP/1.1" 201 170 "-" "PostmanRuntime/7.32.3"

2023-08-15 16:48:48 error: Cannot read properties of undefined (reading 'details')
2023-08-15 16:48:48 info: ::1 - - [15/Aug/2023:07:48:48 +0000] "PUT /reviews/:reviewId HTTP/1.1" 400 55 "-" "PostmanRuntime/7.32.3"

2023-08-15 16:50:38 error: Cannot read properties of undefined (reading 'details')
2023-08-15 16:50:38 info: ::1 - - [15/Aug/2023:07:50:38 +0000] "PUT /reviews/:reviewId HTTP/1.1" 400 55 "-" "PostmanRuntime/7.32.3"

2023-08-15 16:51:30 error: Cannot read properties of undefined (reading 'details')
2023-08-15 16:51:30 info: ::1 - - [15/Aug/2023:07:51:30 +0000] "PUT /reviews/:reviewId HTTP/1.1" 400 55 "-" "PostmanRuntime/7.32.3"

2023-08-15 16:51:53 error: Cannot read properties of undefined (reading 'details')
2023-08-15 16:51:53 info: ::1 - - [15/Aug/2023:07:51:53 +0000] "PUT /reviews/64db2dcbb0455f494a509515 HTTP/1.1" 400 55 "-" "PostmanRuntime/7.32.3"

2023-08-15 16:52:46 error: Cannot read properties of undefined (reading 'details')
2023-08-15 16:52:46 info: ::1 - - [15/Aug/2023:07:52:46 +0000] "PUT /reviews/64db2dcbb0455f494a509515 HTTP/1.1" 400 55 "-" "PostmanRuntime/7.32.3"

2023-08-15 16:53:47 info: ::1 - - [15/Aug/2023:07:53:47 +0000] "PUT /reviews/64db2dcbb0455f494a509515 HTTP/1.1" 200 172 "-" "PostmanRuntime/7.32.3"

2023-08-15 17:12:00 info: ::1 - - [15/Aug/2023:08:12:00 +0000] "GET /favicon.ico HTTP/1.1" 404 150 "http://localhost:5001/" "Mozilla/5.0 (Windows NT 10.0; Win64; x64) AppleWebKit/537.36 (KHTML, like Gecko) Chrome/115.0.0.0 Safari/537.36"

