2023-08-16 11:12:23 info: ::1 - - [16/Aug/2023:02:12:23 +0000] "POST /reviews/register HTTP/1.1" 201 172 "-" "PostmanRuntime/7.32.3"

<<<<<<< HEAD
2023-08-16 16:15:31 error: Unknown authentication strategy "local"
2023-08-16 16:15:31 info: ::1 - - [16/Aug/2023:07:15:31 +0000] "POST /users/login HTTP/1.1" 400 39 "-" "PostmanRuntime/7.32.3"

2023-08-16 17:18:31 info: ::1 - - [16/Aug/2023:08:18:31 +0000] "POST /users/login HTTP/1.1" 200 430 "-" "PostmanRuntime/7.32.3"

2023-08-16 17:22:44 info: ::1 - - [16/Aug/2023:08:22:44 +0000] "POST /users/login HTTP/1.1" 200 430 "-" "PostmanRuntime/7.32.3"

2023-08-16 17:24:55 info: ::1 - - [16/Aug/2023:08:24:55 +0000] "POST /users/login HTTP/1.1" 200 430 "-" "PostmanRuntime/7.32.3"

2023-08-16 17:43:19 info: ::1 - - [16/Aug/2023:08:43:19 +0000] "POST /users/login HTTP/1.1" 200 432 "-" "PostmanRuntime/7.32.3"

2023-08-16 17:49:10 error: Unknown authentication strategy "jwt"
2023-08-16 17:49:10 info: ::1 - - [16/Aug/2023:08:49:10 +0000] "GET /users/tokentest HTTP/1.1" 400 37 "-" "PostmanRuntime/7.32.3"

2023-08-16 17:49:42 info: ::1 - - [16/Aug/2023:08:49:42 +0000] "GET /users/tokentest HTTP/1.1" 200 269 "-" "PostmanRuntime/7.32.3"
=======
2023-08-16 17:20:46 info: ::1 - - [16/Aug/2023:08:20:46 +0000] "POST /reviews/register HTTP/1.1" 201 172 "-" "PostmanRuntime/7.32.3"

2023-08-16 17:29:35 info: POST /reviews/register 201 59.687 ms - 172 {"title":"typescripttest","content":"Review Content"}
>>>>>>> feature/sub

2023-08-16 19:31:29 info: POST /users/register 200 150.624 ms - 229 {"name":"lee","email":"lee@lee.com","password":"1111"}

2023-08-16 19:32:12 info: POST /users/login 200 15.323 ms - 426 {"name":"lee","email":"lee@lee.com","password":"1111"}

2023-08-16 19:33:14 error: Cannot read properties of undefined (reading '_id')
2023-08-16 19:33:14 info: POST /reviews/register 400 2.928 ms - 51 {"title":"typescripttest1","content":"Review Content"}

2023-08-16 20:04:15 error: Cannot read properties of undefined (reading '_id')
2023-08-16 20:04:15 info: POST /reviews/register 400 8.175 ms - 51 {"title":"typescripttest1","content":"Review Content"}

2023-08-16 20:14:50 error: Cannot read properties of undefined (reading '_id')
2023-08-16 20:14:50 info: POST /reviews/register 400 6.313 ms - 51 {"title":"typescripttest1","content":"Review Content"}

2023-08-16 20:15:07 error: Cannot read properties of undefined (reading '_id')
2023-08-16 20:15:07 info: POST /reviews/register 400 13.325 ms - 51 {"title":"typescripttest1","content":"Review Content"}

2023-08-16 20:15:49 error: Cannot read properties of undefined (reading '_id')
2023-08-16 20:15:49 info: POST /reviews/register 400 8.142 ms - 51 {"title":"typescripttest1","content":"Review Content"}

2023-08-16 20:17:39 error: Cannot read properties of undefined (reading '_id')
2023-08-16 20:17:39 info: POST /reviews/register 400 7.652 ms - 51 {"title":"typescripttest1","content":"Review Content"}

2023-08-16 22:02:29 info: POST /reviews/register 201 58.396 ms - 173 {"title":"typescripttest1","content":"Review Content"}

2023-08-16 19:07:54 info: ::1 - - [16/Aug/2023:10:07:54 +0000] "POST /users/login HTTP/1.1" 200 455 "-" "PostmanRuntime/7.32.3"

2023-08-16 19:08:09 info: ::1 - - [16/Aug/2023:10:08:09 +0000] "GET /users/tokentest HTTP/1.1" 401 15 "-" "PostmanRuntime/7.32.3"

2023-08-16 19:13:21 info: ::1 - - [16/Aug/2023:10:13:21 +0000] "GET /users/tokentest HTTP/1.1" - - "-" "PostmanRuntime/7.32.3"

2023-08-16 19:13:22 info: ::1 - - [16/Aug/2023:10:13:22 +0000] "GET /users/tokentest HTTP/1.1" 401 15 "-" "PostmanRuntime/7.32.3"

2023-08-16 19:33:29 info: ::1 - - [16/Aug/2023:10:33:29 +0000] "POST /users/login HTTP/1.1" 200 455 "-" "PostmanRuntime/7.32.3"

2023-08-16 19:33:39 info: ::1 - - [16/Aug/2023:10:33:39 +0000] "GET /users/tokentest HTTP/1.1" 401 15 "-" "PostmanRuntime/7.32.3"

2023-08-16 22:07:38 info: ::1 - - [16/Aug/2023:13:07:38 +0000] "POST /users/login HTTP/1.1" 200 455 "-" "PostmanRuntime/7.32.3"

2023-08-16 22:07:49 info: ::1 - - [16/Aug/2023:13:07:49 +0000] "GET /users/tokentest HTTP/1.1" 401 15 "-" "PostmanRuntime/7.32.3"

2023-08-16 22:08:10 info: ::1 - - [16/Aug/2023:13:08:10 +0000] "POST /users/login HTTP/1.1" 200 455 "-" "PostmanRuntime/7.32.3"

2023-08-16 22:08:18 info: ::1 - - [16/Aug/2023:13:08:18 +0000] "GET /users/tokentest HTTP/1.1" 200 269 "-" "PostmanRuntime/7.32.3"

