2023-08-17 14:45:44 info: ::1 - - [17/Aug/2023:05:45:44 +0000] "POST /users/login HTTP/1.1" 404 151 "-" "PostmanRuntime/7.32.3"

2023-08-17 14:45:55 info: ::1 - - [17/Aug/2023:05:45:55 +0000] "POST /auth/login HTTP/1.1" 200 173 "-" "PostmanRuntime/7.32.3"

2023-08-17 14:46:05 info: ::1 - - [17/Aug/2023:05:46:05 +0000] "POST /auth/login HTTP/1.1" 200 173 "-" "PostmanRuntime/7.32.3"

2023-08-17 14:46:15 info: ::1 - - [17/Aug/2023:05:46:15 +0000] "GET /users/tokentest HTTP/1.1" 200 269 "-" "PostmanRuntime/7.32.3"

2023-08-17 14:57:04 info: ::1 - - [17/Aug/2023:05:57:04 +0000] "POST /auth/login HTTP/1.1" 400 33 "http://localhost:5001/api-docs/" "Mozilla/5.0 (Windows NT 10.0; Win64; x64) AppleWebKit/537.36 (KHTML, like Gecko) Chrome/116.0.0.0 Safari/537.36"

2023-08-17 15:55:25 info: ::1 - - [17/Aug/2023:06:55:25 +0000] "POST /auth/login HTTP/1.1" 400 33 "http://localhost:5001/api-docs/" "Mozilla/5.0 (Windows NT 10.0; Win64; x64) AppleWebKit/537.36 (KHTML, like Gecko) Chrome/116.0.0.0 Safari/537.36"

2023-08-17 15:55:46 info: ::1 - - [17/Aug/2023:06:55:46 +0000] "POST /auth/login HTTP/1.1" 400 33 "http://localhost:5001/api-docs/" "Mozilla/5.0 (Windows NT 10.0; Win64; x64) AppleWebKit/537.36 (KHTML, like Gecko) Chrome/116.0.0.0 Safari/537.36"

2023-08-17 15:55:50 info: ::1 - - [17/Aug/2023:06:55:50 +0000] "POST /auth/login HTTP/1.1" 400 33 "http://localhost:5001/api-docs/" "Mozilla/5.0 (Windows NT 10.0; Win64; x64) AppleWebKit/537.36 (KHTML, like Gecko) Chrome/116.0.0.0 Safari/537.36"

2023-08-17 17:04:44 info: ::1 - - [17/Aug/2023:08:04:44 +0000] "POST /users/register HTTP/1.1" 200 240 "-" "PostmanRuntime/7.32.3"

2023-08-17 17:05:12 info: ::1 - - [17/Aug/2023:08:05:12 +0000] "POST /auth/login HTTP/1.1" 200 173 "-" "PostmanRuntime/7.32.3"

2023-08-17 17:05:21 info: ::1 - - [17/Aug/2023:08:05:21 +0000] "GET /users/tokentest HTTP/1.1" 200 274 "-" "PostmanRuntime/7.32.3"

2023-08-17 17:15:05 info: ::1 - - [17/Aug/2023:08:15:05 +0000] "POST /auth/login HTTP/1.1" 400 33 "http://localhost:5001/api-docs/" "Mozilla/5.0 (Windows NT 10.0; Win64; x64) AppleWebKit/537.36 (KHTML, like Gecko) Chrome/116.0.0.0 Safari/537.36"

2023-08-17 17:15:27 info: ::1 - - [17/Aug/2023:08:15:27 +0000] "POST /auth/login HTTP/1.1" 400 33 "http://localhost:5001/api-docs/" "Mozilla/5.0 (Windows NT 10.0; Win64; x64) AppleWebKit/537.36 (KHTML, like Gecko) Chrome/116.0.0.0 Safari/537.36"

2023-08-17 17:15:30 info: ::1 - - [17/Aug/2023:08:15:30 +0000] "POST /auth/login HTTP/1.1" 400 33 "http://localhost:5001/api-docs/" "Mozilla/5.0 (Windows NT 10.0; Win64; x64) AppleWebKit/537.36 (KHTML, like Gecko) Chrome/116.0.0.0 Safari/537.36"

2023-08-17 17:16:07 info: ::1 - - [17/Aug/2023:08:16:07 +0000] "POST /auth/login HTTP/1.1" 400 33 "http://localhost:5001/api-docs/" "Mozilla/5.0 (Windows NT 10.0; Win64; x64) AppleWebKit/537.36 (KHTML, like Gecko) Chrome/116.0.0.0 Safari/537.36"

2023-08-17 17:16:16 info: ::1 - - [17/Aug/2023:08:16:16 +0000] "POST /auth/login HTTP/1.1" 400 33 "http://localhost:5001/api-docs/" "Mozilla/5.0 (Windows NT 10.0; Win64; x64) AppleWebKit/537.36 (KHTML, like Gecko) Chrome/116.0.0.0 Safari/537.36"

2023-08-17 17:31:35 info: ::1 - - [17/Aug/2023:08:31:35 +0000] "POST /auth/login HTTP/1.1" 400 33 "http://localhost:5001/api-docs/" "Mozilla/5.0 (Windows NT 10.0; Win64; x64) AppleWebKit/537.36 (KHTML, like Gecko) Chrome/116.0.0.0 Safari/537.36"

2023-08-17 17:44:50 info: ::1 - - [17/Aug/2023:08:44:50 +0000] "POST /auth/login HTTP/1.1" 400 33 "http://localhost:5001/api-docs/" "Mozilla/5.0 (Windows NT 10.0; Win64; x64) AppleWebKit/537.36 (KHTML, like Gecko) Chrome/116.0.0.0 Safari/537.36"

2023-08-17 18:01:15 info: ::1 - - [17/Aug/2023:09:01:15 +0000] "POST /auth/login HTTP/1.1" 200 173 "http://localhost:5001/api-docs/" "Mozilla/5.0 (Windows NT 10.0; Win64; x64) AppleWebKit/537.36 (KHTML, like Gecko) Chrome/116.0.0.0 Safari/537.36"

2023-08-17 18:28:03 info: ::1 - - [17/Aug/2023:09:28:03 +0000] "POST /auth/login HTTP/1.1" 200 173 "http://localhost:5001/api-docs/" "Mozilla/5.0 (Windows NT 10.0; Win64; x64) AppleWebKit/537.36 (KHTML, like Gecko) Chrome/116.0.0.0 Safari/537.36"

2023-08-17 20:20:30 info: ::1 - - [17/Aug/2023:11:20:30 +0000] "POST /auth/login HTTP/1.1" 200 173 "-" "PostmanRuntime/7.32.3"

2023-08-17 20:20:43 info: ::1 - - [17/Aug/2023:11:20:43 +0000] "GET /users/tokentest HTTP/1.1" 200 240 "-" "PostmanRuntime/7.32.3"

2023-08-17 20:23:22 info: ::1 - - [17/Aug/2023:11:23:22 +0000] "GET /users/tokentest HTTP/1.1" 401 15 "-" "PostmanRuntime/7.32.3"

2023-08-17 22:50:06 info: ::1 - - [17/Aug/2023:13:50:06 +0000] "POST /auth/login HTTP/1.1" 200 173 "-" "PostmanRuntime/7.32.3"

2023-08-17 22:50:17 info: ::1 - - [17/Aug/2023:13:50:17 +0000] "GET /users/tokentest HTTP/1.1" 404 154 "-" "PostmanRuntime/7.32.3"

2023-08-17 22:50:22 info: ::1 - - [17/Aug/2023:13:50:22 +0000] "GET /auth/tokentest HTTP/1.1" 404 153 "-" "PostmanRuntime/7.32.3"

2023-08-17 22:51:57 info: ::1 - - [17/Aug/2023:13:51:57 +0000] "GET /users/tokentest HTTP/1.1" 200 240 "-" "PostmanRuntime/7.32.3"

2023-08-17 22:52:38 info: ::1 - - [17/Aug/2023:13:52:38 +0000] "GET /users/?id=64ddd49ccda3181fecebf6e6 HTTP/1.1" 404 145 "-" "PostmanRuntime/7.32.3"

2023-08-17 22:52:58 info: ::1 - - [17/Aug/2023:13:52:58 +0000] "GET /users/?id=64ddd49ccda3181fecebf6e6 HTTP/1.1" 404 145 "-" "PostmanRuntime/7.32.3"

2023-08-17 22:53:10 info: ::1 - - [17/Aug/2023:13:53:10 +0000] "GET /users/64ddd49ccda3181fecebf6e6 HTTP/1.1" 200 240 "-" "PostmanRuntime/7.32.3"

2023-08-17 22:53:42 info: ::1 - - [17/Aug/2023:13:53:42 +0000] "GET /users/64ddd49ccda3181fecebf6e6 HTTP/1.1" 200 240 "-" "PostmanRuntime/7.32.3"

2023-08-17 22:54:15 info: ::1 - - [17/Aug/2023:13:54:15 +0000] "GET /users/64ddd49ccda3181fecebf6e6 HTTP/1.1" 200 240 "-" "PostmanRuntime/7.32.3"

2023-08-17 23:01:16 info: ::1 - - [17/Aug/2023:14:01:16 +0000] "GET /auth/current HTTP/1.1" 401 15 "-" "PostmanRuntime/7.32.3"

2023-08-17 23:01:22 info: ::1 - - [17/Aug/2023:14:01:22 +0000] "POST /auth/login HTTP/1.1" 200 173 "-" "PostmanRuntime/7.32.3"

2023-08-17 23:01:34 info: ::1 - - [17/Aug/2023:14:01:34 +0000] "GET /auth/current HTTP/1.1" 200 240 "-" "PostmanRuntime/7.32.3"

