2023-08-15 00:05:52 error: uncaughtException: Cast to string failed for value "{ email: 'test@naver.com' }" (type Object) at path "email" for model "User"
CastError: Cast to string failed for value "{ email: 'test@naver.com' }" (type Object) at path "email" for model "User"
    at SchemaString.cast (C:\Users\nib09\Desktop\teamproject\back\node_modules\mongoose\lib\schema\string.js:606:11)
    at SchemaString.SchemaType.applySetters (C:\Users\nib09\Desktop\teamproject\back\node_modules\mongoose\lib\schematype.js:1220:12)
    at SchemaString.castForQuery (C:\Users\nib09\Desktop\teamproject\back\node_modules\mongoose\lib\schema\string.js:690:15)
    at cast (C:\Users\nib09\Desktop\teamproject\back\node_modules\mongoose\lib\cast.js:298:34)
    at model.Query.Query.cast (C:\Users\nib09\Desktop\teamproject\back\node_modules\mongoose\lib\query.js:4900:12)
    at model.Query.Query._castConditions (C:\Users\nib09\Desktop\teamproject\back\node_modules\mongoose\lib\query.js:2223:10)
    at model.Query._findOne (C:\Users\nib09\Desktop\teamproject\back\node_modules\mongoose\lib\query.js:2510:8)
    at model.Query.exec (C:\Users\nib09\Desktop\teamproject\back\node_modules\mongoose\lib\query.js:4419:28)
    at processTicksAndRejections (node:internal/process/task_queues:95:5)
2023-08-15 00:06:54 error: uncaughtException: Cast to string failed for value "{ email: 'test@naver.com' }" (type Object) at path "email" for model "User"
CastError: Cast to string failed for value "{ email: 'test@naver.com' }" (type Object) at path "email" for model "User"
    at SchemaString.cast (C:\Users\nib09\Desktop\teamproject\back\node_modules\mongoose\lib\schema\string.js:606:11)
    at SchemaString.SchemaType.applySetters (C:\Users\nib09\Desktop\teamproject\back\node_modules\mongoose\lib\schematype.js:1220:12)
    at SchemaString.castForQuery (C:\Users\nib09\Desktop\teamproject\back\node_modules\mongoose\lib\schema\string.js:690:15)
    at cast (C:\Users\nib09\Desktop\teamproject\back\node_modules\mongoose\lib\cast.js:298:34)
    at model.Query.Query.cast (C:\Users\nib09\Desktop\teamproject\back\node_modules\mongoose\lib\query.js:4900:12)
    at model.Query.Query._castConditions (C:\Users\nib09\Desktop\teamproject\back\node_modules\mongoose\lib\query.js:2223:10)
    at model.Query._findOne (C:\Users\nib09\Desktop\teamproject\back\node_modules\mongoose\lib\query.js:2510:8)
    at model.Query.exec (C:\Users\nib09\Desktop\teamproject\back\node_modules\mongoose\lib\query.js:4419:28)
    at processTicksAndRejections (node:internal/process/task_queues:95:5)
2023-08-15 00:12:42 error: uncaughtException: Cast to string failed for value "{ email: 'test@naver.com' }" (type Object) at path "email" for model "User"
CastError: Cast to string failed for value "{ email: 'test@naver.com' }" (type Object) at path "email" for model "User"
    at SchemaString.cast (C:\Users\nib09\Desktop\teamproject\back\node_modules\mongoose\lib\schema\string.js:606:11)
    at SchemaString.SchemaType.applySetters (C:\Users\nib09\Desktop\teamproject\back\node_modules\mongoose\lib\schematype.js:1220:12)
    at SchemaString.castForQuery (C:\Users\nib09\Desktop\teamproject\back\node_modules\mongoose\lib\schema\string.js:690:15)
    at cast (C:\Users\nib09\Desktop\teamproject\back\node_modules\mongoose\lib\cast.js:298:34)
    at model.Query.Query.cast (C:\Users\nib09\Desktop\teamproject\back\node_modules\mongoose\lib\query.js:4900:12)
    at model.Query.Query._castConditions (C:\Users\nib09\Desktop\teamproject\back\node_modules\mongoose\lib\query.js:2223:10)
    at model.Query._findOne (C:\Users\nib09\Desktop\teamproject\back\node_modules\mongoose\lib\query.js:2510:8)
    at model.Query.exec (C:\Users\nib09\Desktop\teamproject\back\node_modules\mongoose\lib\query.js:4419:28)
    at processTicksAndRejections (node:internal/process/task_queues:95:5)
2023-08-15 00:23:27 error: uncaughtException: Cast to string failed for value "{ email: 'test@naver.com' }" (type Object) at path "email" for model "User"
CastError: Cast to string failed for value "{ email: 'test@naver.com' }" (type Object) at path "email" for model "User"
    at SchemaString.cast (C:\Users\nib09\Desktop\teamproject\back\node_modules\mongoose\lib\schema\string.js:606:11)
    at SchemaString.SchemaType.applySetters (C:\Users\nib09\Desktop\teamproject\back\node_modules\mongoose\lib\schematype.js:1220:12)
    at SchemaString.castForQuery (C:\Users\nib09\Desktop\teamproject\back\node_modules\mongoose\lib\schema\string.js:690:15)
    at cast (C:\Users\nib09\Desktop\teamproject\back\node_modules\mongoose\lib\cast.js:298:34)
    at model.Query.Query.cast (C:\Users\nib09\Desktop\teamproject\back\node_modules\mongoose\lib\query.js:4900:12)
    at model.Query.Query._castConditions (C:\Users\nib09\Desktop\teamproject\back\node_modules\mongoose\lib\query.js:2223:10)
    at model.Query._findOne (C:\Users\nib09\Desktop\teamproject\back\node_modules\mongoose\lib\query.js:2510:8)
    at model.Query.exec (C:\Users\nib09\Desktop\teamproject\back\node_modules\mongoose\lib\query.js:4419:28)
    at processTicksAndRejections (node:internal/process/task_queues:95:5)
2023-08-15 00:24:12 error: uncaughtException: Cast to string failed for value "{ email: 'test@naver.com' }" (type Object) at path "email" for model "User"
CastError: Cast to string failed for value "{ email: 'test@naver.com' }" (type Object) at path "email" for model "User"
    at SchemaString.cast (C:\Users\nib09\Desktop\teamproject\back\node_modules\mongoose\lib\schema\string.js:606:11)
    at SchemaString.SchemaType.applySetters (C:\Users\nib09\Desktop\teamproject\back\node_modules\mongoose\lib\schematype.js:1220:12)
    at SchemaString.castForQuery (C:\Users\nib09\Desktop\teamproject\back\node_modules\mongoose\lib\schema\string.js:690:15)
    at cast (C:\Users\nib09\Desktop\teamproject\back\node_modules\mongoose\lib\cast.js:298:34)
    at model.Query.Query.cast (C:\Users\nib09\Desktop\teamproject\back\node_modules\mongoose\lib\query.js:4900:12)
    at model.Query.Query._castConditions (C:\Users\nib09\Desktop\teamproject\back\node_modules\mongoose\lib\query.js:2223:10)
    at model.Query._findOne (C:\Users\nib09\Desktop\teamproject\back\node_modules\mongoose\lib\query.js:2510:8)
    at model.Query.exec (C:\Users\nib09\Desktop\teamproject\back\node_modules\mongoose\lib\query.js:4419:28)
    at processTicksAndRejections (node:internal/process/task_queues:95:5)
2023-08-15 00:28:05 error: uncaughtException: Cast to string failed for value "{ email: 'test@naver.com' }" (type Object) at path "email" for model "User"
CastError: Cast to string failed for value "{ email: 'test@naver.com' }" (type Object) at path "email" for model "User"
    at SchemaString.cast (C:\Users\nib09\Desktop\teamproject\back\node_modules\mongoose\lib\schema\string.js:606:11)
    at SchemaString.SchemaType.applySetters (C:\Users\nib09\Desktop\teamproject\back\node_modules\mongoose\lib\schematype.js:1220:12)
    at SchemaString.castForQuery (C:\Users\nib09\Desktop\teamproject\back\node_modules\mongoose\lib\schema\string.js:690:15)
    at cast (C:\Users\nib09\Desktop\teamproject\back\node_modules\mongoose\lib\cast.js:298:34)
    at model.Query.Query.cast (C:\Users\nib09\Desktop\teamproject\back\node_modules\mongoose\lib\query.js:4900:12)
    at model.Query.Query._castConditions (C:\Users\nib09\Desktop\teamproject\back\node_modules\mongoose\lib\query.js:2223:10)
    at model.Query._findOne (C:\Users\nib09\Desktop\teamproject\back\node_modules\mongoose\lib\query.js:2510:8)
    at model.Query.exec (C:\Users\nib09\Desktop\teamproject\back\node_modules\mongoose\lib\query.js:4419:28)
    at processTicksAndRejections (node:internal/process/task_queues:95:5)
2023-08-15 00:32:57 error: uncaughtException: user is not allowed to do action [find] on [test.users]
MongoServerError: user is not allowed to do action [find] on [test.users]
    at Connection.onMessage (C:\Users\nib09\Desktop\teamproject\back\node_modules\mongodb\src\cmap\connection.ts:413:18)
    at MessageStream.<anonymous> (C:\Users\nib09\Desktop\teamproject\back\node_modules\mongodb\src\cmap\connection.ts:243:56)
    at MessageStream.emit (node:events:513:28)
    at MessageStream.emit (node:domain:489:12)
    at processIncomingData (C:\Users\nib09\Desktop\teamproject\back\node_modules\mongodb\src\cmap\message_stream.ts:193:12)
    at MessageStream._write (C:\Users\nib09\Desktop\teamproject\back\node_modules\mongodb\src\cmap\message_stream.ts:74:5)
    at writeOrBuffer (node:internal/streams/writable:392:12)
    at _write (node:internal/streams/writable:333:10)
    at MessageStream.Writable.write (node:internal/streams/writable:337:10)
    at TLSSocket.ondata (node:internal/streams/readable:766:22)
    at TLSSocket.emit (node:events:513:28)
    at TLSSocket.emit (node:domain:489:12)
    at addChunk (node:internal/streams/readable:324:12)
    at readableAddChunk (node:internal/streams/readable:297:9)
    at TLSSocket.Readable.push (node:internal/streams/readable:234:10)
    at TLSWrap.onStreamRead (node:internal/stream_base_commons:190:23)
