2023-08-14 18:01:27 error: uncaughtException: res is not defined
ReferenceError: res is not defined
    at Object.<anonymous> (C:\Users\echk1\OneDrive\바탕 화면\team\back\src\services\/reviewService.js:28:40)
    at Module._compile (node:internal/modules/cjs/loader:1256:14)
    at Module._compile (C:\Users\echk1\OneDrive\바탕 화면\team\back\node_modules\pirates\lib\index.js:117:24)
    at Module._extensions..js (node:internal/modules/cjs/loader:1310:10)
    at Object.newLoader [as .js] (C:\Users\echk1\OneDrive\바탕 화면\team\back\node_modules\pirates\lib\index.js:121:7)
    at Module.load (node:internal/modules/cjs/loader:1119:32)
    at Function.Module._load (node:internal/modules/cjs/loader:960:12)
    at Module.require (node:internal/modules/cjs/loader:1143:19)
    at require (node:internal/modules/cjs/helpers:110:18)
    at Object.<anonymous> (C:\Users\echk1\OneDrive\바탕 화면\team\back\src\controllers\/reviewController.js:1:31)
    at Module._compile (node:internal/modules/cjs/loader:1256:14)
    at Module._compile (C:\Users\echk1\OneDrive\바탕 화면\team\back\node_modules\pirates\lib\index.js:117:24)
    at Module._extensions..js (node:internal/modules/cjs/loader:1310:10)
    at Object.newLoader [as .js] (C:\Users\echk1\OneDrive\바탕 화면\team\back\node_modules\pirates\lib\index.js:121:7)
    at Module.load (node:internal/modules/cjs/loader:1119:32)
    at Function.Module._load (node:internal/modules/cjs/loader:960:12)
    at Module.require (node:internal/modules/cjs/loader:1143:19)
    at require (node:internal/modules/cjs/helpers:110:18)
    at Object.<anonymous> (C:\Users\echk1\OneDrive\바탕 화면\team\back\src\routes\/review.routes.js:8:5)
    at Module._compile (node:internal/modules/cjs/loader:1256:14)
    at Module._compile (C:\Users\echk1\OneDrive\바탕 화면\team\back\node_modules\pirates\lib\index.js:117:24)
    at Module._extensions..js (node:internal/modules/cjs/loader:1310:10)
    at Object.newLoader [as .js] (C:\Users\echk1\OneDrive\바탕 화면\team\back\node_modules\pirates\lib\index.js:121:7)
    at Module.load (node:internal/modules/cjs/loader:1119:32)
    at Function.Module._load (node:internal/modules/cjs/loader:960:12)
    at Module.require (node:internal/modules/cjs/loader:1143:19)
    at require (node:internal/modules/cjs/helpers:110:18)
    at Object.<anonymous> (C:\Users\echk1\OneDrive\바탕 화면\team\back\src\/app.js:3:1)
    at Module._compile (node:internal/modules/cjs/loader:1256:14)
    at Module._compile (C:\Users\echk1\OneDrive\바탕 화면\team\back\node_modules\pirates\lib\index.js:117:24)
    at Module._extensions..js (node:internal/modules/cjs/loader:1310:10)
    at Object.newLoader [as .js] (C:\Users\echk1\OneDrive\바탕 화면\team\back\node_modules\pirates\lib\index.js:121:7)
    at Module.load (node:internal/modules/cjs/loader:1119:32)
    at Function.Module._load (node:internal/modules/cjs/loader:960:12)
    at Module.require (node:internal/modules/cjs/loader:1143:19)
    at require (node:internal/modules/cjs/helpers:110:18)
    at Object.<anonymous> (C:\Users\echk1\OneDrive\바탕 화면\team\back\/index.js:2:1)
    at Module._compile (node:internal/modules/cjs/loader:1256:14)
    at Module._compile (C:\Users\echk1\OneDrive\바탕 화면\team\back\node_modules\pirates\lib\index.js:117:24)
    at Module._extensions..js (node:internal/modules/cjs/loader:1310:10)
    at Object.newLoader [as .js] (C:\Users\echk1\OneDrive\바탕 화면\team\back\node_modules\pirates\lib\index.js:121:7)
    at Module.load (node:internal/modules/cjs/loader:1119:32)
    at Function.Module._load (node:internal/modules/cjs/loader:960:12)
    at Function.runMain (node:internal/modules/run_main:81:12)
    at Object.<anonymous> (C:\Users\echk1\OneDrive\바탕 화면\team\back\node_modules\@babel\node\src\_babel-node.ts:222:12)
    at Module._compile (node:internal/modules/cjs/loader:1256:14)
    at Object.Module._extensions..js (node:internal/modules/cjs/loader:1310:10)
    at Module.load (node:internal/modules/cjs/loader:1119:32)
    at Function.Module._load (node:internal/modules/cjs/loader:960:12)
    at Function.executeUserEntryPoint [as runMain] (node:internal/modules/run_main:81:12)
